#
# A fatal error has been detected by the Java Runtime Environment:
#
#  EXCEPTION_ACCESS_VIOLATION (0xc0000005) at pc=0x000000006ee76520, pid=6276, tid=1032
#
# JRE version: Java(TM) SE Runtime Environment (8.0_05-b13) (build 1.8.0_05-b13)
# Java VM: Java HotSpot(TM) 64-Bit Server VM (25.5-b02 mixed mode windows-amd64 compressed oops)
# Problematic frame:
# C  [xuggle5822798884086631659.dll+0x736520]
#
# Failed to write core dump. Minidumps are not enabled by default on client versions of Windows
#
# If you would like to submit a bug report, please visit:
#   http://bugreport.sun.com/bugreport/crash.jsp
# The crash happened outside the Java Virtual Machine in native code.
# See problematic frame for where to report the bug.
#

---------------  T H R E A D  ---------------

Current thread (0x0000000058c50000):  JavaThread "JavaFX Application Thread" [_thread_in_native, id=1032, stack(0x000000005a2a0000,0x000000005a3a0000)]

siginfo: ExceptionCode=0xc0000005, reading address 0xffffffffffffffff

Registers:
RAX=0x00000000003431f0, RBX=0x0000000062a5e400, RCX=0x00000000003431f0, RDX=0x0000000000000009
RSP=0x000000005a39a750, RBP=0x0000000000342930, RSI=0x00000000003441f0, RDI=0x0000000000000004
R8 =0x000000006ee77580, R9 =0x000000006ee76490, R10=0x000000000038a0f0, R11=0x0000000000338f80
R12=0x0000000000339780, R13=0x0000000000000004, R14=0x0000000000000184, R15=0x000000006fab8f20
RIP=0x000000006ee76520, EFLAGS=0x0000000000010202

Top of Stack: (sp=0x000000005a39a750)
0x000000005a39a750:   000000006ee76665 000000006ee774c5
0x000000005a39a760:   000000006ee77505 000000006ee77545
0x000000005a39a770:   000000006ee77585 000000006ee79426
0x000000005a39a780:   000000006fab8f20 00000000003431f0
0x000000005a39a790:   0000000062a608c0 000000005a390008
0x000000005a39a7a0:   3fe0000000000000 0000000000000000
0x000000005a39a7b0:   40c7760000000000 0000000000000000
0x000000005a39a7c0:   3fe0000000000000 0000000000000001
0x000000005a39a7d0:   0000000062a618c0 000000006ea45d24
0x000000005a39a7e0:   3f40624dd2f1a9fc 0000000000000000
0x000000005a39a7f0:   0000000000000000 0000000000000000
0x000000005a39a800:   0000000000000000 0000000000000000
0x000000005a39a810:   0000000062a6a7c0 000000006fab7320
0x000000005a39a820:   000000006016d836 0000000062a5e360
0x000000005a39a830:   0000000000000001 0000000000342930
0x000000005a39a840:   00000000003429b0 0000000000000000 

Instructions: (pc=0x000000006ee76520)
0x000000006ee76500:   c4 e3 5d 0c c0 55 c5 e4 5c c8 c5 e4 58 c0 c5 fc
0x000000006ee76510:   29 01 c5 fc 29 49 20 c3 0f 1f 84 00 00 00 00 00
0x000000006ee76520:   c5 fc 28 51 40 c5 fc 28 59 60 c5 ec 5c fb c5 ec
0x000000006ee76530:   58 d3 c5 c4 57 3d 26 41 84 00 c5 ec c6 df be c5 


Register to memory mapping:

RAX=0x00000000003431f0 is an unknown value
RBX=0x0000000062a5e400 is an unknown value
RCX=0x00000000003431f0 is an unknown value
RDX=0x0000000000000009 is an unknown value
RSP=0x000000005a39a750 is pointing into the stack for thread: 0x0000000058c50000
RBP=0x0000000000342930 is an unknown value
RSI=0x00000000003441f0 is an unknown value
RDI=0x0000000000000004 is an unknown value
R8 =0x000000006ee77580 is an unknown value
R9 =0x000000006ee76490 is an unknown value
R10=0x000000000038a0f0 is an unknown value
R11=0x0000000000338f80 is an unknown value
R12=0x0000000000339780 is an unknown value
R13=0x0000000000000004 is an unknown value
R14=0x0000000000000184 is an unknown value
R15=0x000000006fab8f20 is an unknown value


Stack: [0x000000005a2a0000,0x000000005a3a0000],  sp=0x000000005a39a750,  free space=1001k
Native frames: (J=compiled Java code, j=interpreted, Vv=VM code, C=native code)
C  [xuggle5822798884086631659.dll+0x736520]

Java frames: (J=compiled Java code, j=interpreted, Vv=VM code)
j  com.xuggle.xuggler.XugglerJNI.IContainer_open__SWIG_0(JLcom/xuggle/xuggler/IContainer;Ljava/lang/String;IJLcom/xuggle/xuggler/IContainerFormat;)I+0
j  com.xuggle.xuggler.IContainer.open(Ljava/lang/String;Lcom/xuggle/xuggler/IContainer$Type;Lcom/xuggle/xuggler/IContainerFormat;)I+15
j  controller.Video1Controller.getVideoList()V+78
j  controller.Video1Controller.initialize(Ljava/net/URL;Ljava/util/ResourceBundle;)V+1
j  javafx.fxml.FXMLLoader.loadImpl(Ljava/io/InputStream;Ljava/lang/Class;)Ljava/lang/Object;+265
j  javafx.fxml.FXMLLoader.load(Ljava/io/InputStream;)Ljava/lang/Object;+15
j  controller.MultimediaController.loadVideo(Ljavafx/event/ActionEvent;)V+145
j  application.Main.changeScene(Ljava/lang/String;Ljava/lang/String;Ljava/lang/String;)V+272
j  controller.MainController.loadVideoScene(Ljavafx/event/ActionEvent;)V+10
v  ~StubRoutines::call_stub
j  sun.reflect.NativeMethodAccessorImpl.invoke0(Ljava/lang/reflect/Method;Ljava/lang/Object;[Ljava/lang/Object;)Ljava/lang/Object;+0
j  sun.reflect.NativeMethodAccessorImpl.invoke(Ljava/lang/Object;[Ljava/lang/Object;)Ljava/lang/Object;+100
j  sun.reflect.DelegatingMethodAccessorImpl.invoke(Ljava/lang/Object;[Ljava/lang/Object;)Ljava/lang/Object;+6
j  java.lang.reflect.Method.invoke(Ljava/lang/Object;[Ljava/lang/Object;)Ljava/lang/Object;+56
j  sun.reflect.misc.Trampoline.invoke(Ljava/lang/reflect/Method;Ljava/lang/Object;[Ljava/lang/Object;)Ljava/lang/Object;+7
j  sun.reflect.GeneratedMethodAccessor1.invoke(Ljava/lang/Object;[Ljava/lang/Object;)Ljava/lang/Object;+40
j  sun.reflect.DelegatingMethodAccessorImpl.invoke(Ljava/lang/Object;[Ljava/lang/Object;)Ljava/lang/Object;+6
j  java.lang.reflect.Method.invoke(Ljava/lang/Object;[Ljava/lang/Object;)Ljava/lang/Object;+56
j  sun.reflect.misc.MethodUtil.invoke(Ljava/lang/reflect/Method;Ljava/lang/Object;[Ljava/lang/Object;)Ljava/lang/Object;+20
j  javafx.fxml.FXMLLoader$MethodHandler.invoke([Ljava/lang/Object;)V+19
j  javafx.fxml.FXMLLoader$ControllerMethodEventHandler.handle(Ljavafx/event/Event;)V+12
j  com.sun.javafx.event.CompositeEventHandler.dispatchBubblingEvent(Ljavafx/event/Event;)V+51
J 1072 C1 com.sun.javafx.event.EventHandlerManager.dispatchBubblingEvent(Ljavafx/event/EventType;Ljavafx/event/Event;)Ljavafx/event/Event; (34 bytes) @ 0x0000000002bab35c [0x0000000002baaf00+0x45c]
j  com.sun.javafx.event.EventHandlerManager.dispatchBubblingEvent(Ljavafx/event/Event;)Ljavafx/event/Event;+8
j  com.sun.javafx.event.CompositeEventDispatcher.dispatchBubblingEvent(Ljavafx/event/Event;)Ljavafx/event/Event;+11
j  com.sun.javafx.event.BasicEventDispatcher.dispatchEvent(Ljavafx/event/Event;Ljavafx/event/EventDispatchChain;)Ljavafx/event/Event;+29
J 1088 C1 com.sun.javafx.event.EventDispatchChainImpl.dispatchEvent(Ljavafx/event/Event;)Ljavafx/event/Event; (101 bytes) @ 0x0000000002bb4c7c [0x0000000002bb4ac0+0x1bc]
j  com.sun.javafx.event.BasicEventDispatcher.dispatchEvent(Ljavafx/event/Event;Ljavafx/event/EventDispatchChain;)Ljavafx/event/Event;+17
J 1088 C1 com.sun.javafx.event.EventDispatchChainImpl.dispatchEvent(Ljavafx/event/Event;)Ljavafx/event/Event; (101 bytes) @ 0x0000000002bb4c7c [0x0000000002bb4ac0+0x1bc]
j  com.sun.javafx.event.BasicEventDispatcher.dispatchEvent(Ljavafx/event/Event;Ljavafx/event/EventDispatchChain;)Ljavafx/event/Event;+17
J 1088 C1 com.sun.javafx.event.EventDispatchChainImpl.dispatchEvent(Ljavafx/event/Event;)Ljavafx/event/Event; (101 bytes) @ 0x0000000002bb4c7c [0x0000000002bb4ac0+0x1bc]
j  com.sun.javafx.event.EventUtil.fireEventImpl(Ljavafx/event/EventDispatchChain;Ljavafx/event/EventTarget;Ljavafx/event/Event;)Ljavafx/event/Event;+10
j  com.sun.javafx.event.EventUtil.fireEvent(Ljavafx/event/EventTarget;Ljavafx/event/Event;)Ljavafx/event/Event;+37
j  javafx.event.Event.fireEvent(Ljavafx/event/EventTarget;Ljavafx/event/Event;)V+30
j  javafx.scene.Node.fireEvent(Ljavafx/event/Event;)V+86
j  javafx.scene.control.Button.fire()V+15
j  com.sun.javafx.scene.control.behavior.ButtonBehavior.mouseReleased(Ljavafx/scene/input/MouseEvent;)V+23
j  com.sun.javafx.scene.control.skin.BehaviorSkinBase$1.handle(Ljavafx/scene/input/MouseEvent;)V+83
j  com.sun.javafx.scene.control.skin.BehaviorSkinBase$1.handle(Ljavafx/event/Event;)V+5
j  com.sun.javafx.event.CompositeEventHandler$NormalEventHandlerRecord.handleBubblingEvent(Ljavafx/event/Event;)V+5
j  com.sun.javafx.event.CompositeEventHandler.dispatchBubblingEvent(Ljavafx/event/Event;)V+28
J 1072 C1 com.sun.javafx.event.EventHandlerManager.dispatchBubblingEvent(Ljavafx/event/EventType;Ljavafx/event/Event;)Ljavafx/event/Event; (34 bytes) @ 0x0000000002bab35c [0x0000000002baaf00+0x45c]
j  com.sun.javafx.event.EventHandlerManager.dispatchBubblingEvent(Ljavafx/event/Event;)Ljavafx/event/Event;+8
j  com.sun.javafx.event.CompositeEventDispatcher.dispatchBubblingEvent(Ljavafx/event/Event;)Ljavafx/event/Event;+11
j  com.sun.javafx.event.BasicEventDispatcher.dispatchEvent(Ljavafx/event/Event;Ljavafx/event/EventDispatchChain;)Ljavafx/event/Event;+29
J 1088 C1 com.sun.javafx.event.EventDispatchChainImpl.dispatchEvent(Ljavafx/event/Event;)Ljavafx/event/Event; (101 bytes) @ 0x0000000002bb4c7c [0x0000000002bb4ac0+0x1bc]
j  com.sun.javafx.event.BasicEventDispatcher.dispatchEvent(Ljavafx/event/Event;Ljavafx/event/EventDispatchChain;)Ljavafx/event/Event;+17
J 1088 C1 com.sun.javafx.event.EventDispatchChainImpl.dispatchEvent(Ljavafx/event/Event;)Ljavafx/event/Event; (101 bytes) @ 0x0000000002bb4c7c [0x0000000002bb4ac0+0x1bc]
j  com.sun.javafx.event.BasicEventDispatcher.dispatchEvent(Ljavafx/event/Event;Ljavafx/event/EventDispatchChain;)Ljavafx/event/Event;+17
J 1088 C1 com.sun.javafx.event.EventDispatchChainImpl.dispatchEvent(Ljavafx/event/Event;)Ljavafx/event/Event; (101 bytes) @ 0x0000000002bb4c7c [0x0000000002bb4ac0+0x1bc]
j  com.sun.javafx.event.EventUtil.fireEventImpl(Ljavafx/event/EventDispatchChain;Ljavafx/event/EventTarget;Ljavafx/event/Event;)Ljavafx/event/Event;+10
j  com.sun.javafx.event.EventUtil.fireEvent(Ljavafx/event/EventTarget;Ljavafx/event/Event;)Ljavafx/event/Event;+46
j  javafx.event.Event.fireEvent(Ljavafx/event/EventTarget;Ljavafx/event/Event;)V+30
j  javafx.scene.Scene$MouseHandler.process(Ljavafx/scene/input/MouseEvent;Z)V+498
j  javafx.scene.Scene$MouseHandler.access$1800(Ljavafx/scene/Scene$MouseHandler;Ljavafx/scene/input/MouseEvent;Z)V+3
j  javafx.scene.Scene.impl_processMouseEvent(Ljavafx/scene/input/MouseEvent;)V+6
j  javafx.scene.Scene$ScenePeerListener.mouseEvent(Ljavafx/event/EventType;DDDDLjavafx/scene/input/MouseButton;ZZZZZZZZZ)V+46
j  com.sun.javafx.tk.quantum.GlassViewEventHandler$MouseEventNotification.run()Ljava/lang/Void;+422
j  com.sun.javafx.tk.quantum.GlassViewEventHandler$MouseEventNotification.run()Ljava/lang/Object;+1
v  ~StubRoutines::call_stub
j  java.security.AccessController.doPrivileged(Ljava/security/PrivilegedAction;Ljava/security/AccessControlContext;)Ljava/lang/Object;+0
j  com.sun.javafx.tk.quantum.GlassViewEventHandler.handleMouseEvent(Lcom/sun/glass/ui/View;JIIIIIIIZZ)V+108
j  com.sun.glass.ui.View.handleMouseEvent(JIIIIIIIZZ)V+30
j  com.sun.glass.ui.View.notifyMouse(IIIIIIIZZ)V+181
v  ~StubRoutines::call_stub
j  com.sun.glass.ui.win.WinApplication._runLoop(Ljava/lang/Runnable;)V+0
j  com.sun.glass.ui.win.WinApplication.access$300(Lcom/sun/glass/ui/win/WinApplication;Ljava/lang/Runnable;)V+2
j  com.sun.glass.ui.win.WinApplication$4$1.run()V+25
j  java.lang.Thread.run()V+11
v  ~StubRoutines::call_stub

---------------  P R O C E S S  ---------------

Java Threads: ( => current thread )
  0x000000005d6c3000 JavaThread "Prism Font Disposer" daemon [_thread_blocked, id=2852, stack(0x000000005f760000,0x000000005f860000)]
  0x0000000058ccf800 JavaThread "Thread-3" daemon [_thread_in_native, id=6248, stack(0x000000005be70000,0x000000005bf70000)]
  0x0000000058ccf000 JavaThread "JavaFX-Launcher" [_thread_blocked, id=4520, stack(0x000000005d2c0000,0x000000005d3c0000)]
=>0x0000000058c50000 JavaThread "JavaFX Application Thread" [_thread_in_native, id=1032, stack(0x000000005a2a0000,0x000000005a3a0000)]
  0x0000000058c96000 JavaThread "Thread-1" daemon [_thread_blocked, id=5000, stack(0x000000005a030000,0x000000005a130000)]
  0x0000000058c0f000 JavaThread "QuantumRenderer-0" daemon [_thread_blocked, id=6164, stack(0x0000000059ed0000,0x0000000059fd0000)]
  0x0000000058adb000 JavaThread "Service Thread" daemon [_thread_blocked, id=3660, stack(0x0000000059ae0000,0x0000000059be0000)]
  0x0000000058acb000 JavaThread "C1 CompilerThread2" daemon [_thread_blocked, id=3812, stack(0x00000000599e0000,0x0000000059ae0000)]
  0x0000000058ac2800 JavaThread "C2 CompilerThread1" daemon [_thread_blocked, id=6172, stack(0x00000000598e0000,0x00000000599e0000)]
  0x0000000058a83000 JavaThread "C2 CompilerThread0" daemon [_thread_blocked, id=4532, stack(0x00000000596e0000,0x00000000597e0000)]
  0x0000000058a81000 JavaThread "JDWP Command Reader" daemon [_thread_in_native, id=6524, stack(0x0000000058e70000,0x0000000058f70000)]
  0x0000000058a72800 JavaThread "JDWP Event Helper Thread" daemon [_thread_blocked, id=6544, stack(0x0000000059580000,0x0000000059680000)]
  0x0000000058a63800 JavaThread "JDWP Transport Listener: dt_socket" daemon [_thread_blocked, id=6484, stack(0x0000000059440000,0x0000000059540000)]
  0x000000005759c800 JavaThread "Attach Listener" daemon [_thread_blocked, id=2804, stack(0x0000000058960000,0x0000000058a60000)]
  0x0000000057599000 JavaThread "Signal Dispatcher" daemon [_thread_blocked, id=2568, stack(0x00000000585b0000,0x00000000586b0000)]
  0x000000005752d800 JavaThread "Finalizer" daemon [_thread_blocked, id=5476, stack(0x0000000058840000,0x0000000058940000)]
  0x000000005752a800 JavaThread "Reference Handler" daemon [_thread_blocked, id=452, stack(0x00000000586b0000,0x00000000587b0000)]
  0x000000000044f000 JavaThread "main" [_thread_blocked, id=6452, stack(0x00000000026c0000,0x00000000027c0000)]

Other Threads:
  0x0000000057526800 VMThread [stack: 0x0000000058470000,0x0000000058570000] [id=6784]
  0x0000000058add000 WatcherThread [stack: 0x0000000059cd0000,0x0000000059dd0000] [id=7096]

VM state:not at safepoint (normal execution)

VM Mutex/Monitor currently owned by a thread: None

Heap:
 PSYoungGen      total 12800K, used 4855K [0x00000000d5800000, 0x00000000d6980000, 0x0000000100000000)
  eden space 10752K, 26% used [0x00000000d5800000,0x00000000d5ac5c38,0x00000000d6280000)
  from space 2048K, 98% used [0x00000000d6580000,0x00000000d6778040,0x00000000d6780000)
  to   space 3072K, 0% used [0x00000000d6280000,0x00000000d6280000,0x00000000d6580000)
 ParOldGen       total 129536K, used 16682K [0x0000000080800000, 0x0000000088680000, 0x00000000d5800000)
  object space 129536K, 12% used [0x0000000080800000,0x000000008184abc0,0x0000000088680000)
 Metaspace       used 13719K, capacity 13896K, committed 14080K, reserved 1060864K
  class space    used 1907K, capacity 1957K, committed 2048K, reserved 1048576K

Card table byte_map: [0x0000000011b80000,0x0000000011f80000] byte_map_base: 0x000000001177c000

Marking Bits: (ParMarkBitMap*) 0x00000000639313b0
 Begin Bits: [0x00000000127e0000, 0x00000000147c0000)
 End Bits:   [0x00000000147c0000, 0x00000000167a0000)

Polling page: 0x0000000000110000

CodeCache: size=245760Kb used=4290Kb max_used=4290Kb free=241469Kb
 bounds [0x00000000027c0000, 0x0000000002c00000, 0x00000000117c0000]
 total_blobs=1847 nmethods=1210 adapters=558
 compilation: enabled

Compilation events (10 events):
Event: 1.875 Thread 0x0000000058a83000 nmethod 1206 0x0000000002be9890 code [0x0000000002be99e0, 0x0000000002be9c78]
Event: 1.876 Thread 0x0000000058ac2800 nmethod 1145 0x0000000002bed410 code [0x0000000002bed6c0, 0x0000000002bef550]
Event: 3.428 Thread 0x0000000058acb000 1207       3       java.util.concurrent.atomic.AtomicBoolean::compareAndSet (35 bytes)
Event: 3.429 Thread 0x0000000058acb000 nmethod 1207 0x0000000002bed010 code [0x0000000002bed160, 0x0000000002bed370]
Event: 3.451 Thread 0x0000000058acb000 1208       3       java.util.concurrent.atomic.AtomicBoolean::getAndSet (16 bytes)
Event: 3.451 Thread 0x0000000058acb000 nmethod 1208 0x0000000002bec8d0 code [0x0000000002beca40, 0x0000000002beced0]
Event: 4.267 Thread 0x0000000058acb000 1209       3       com.sun.javafx.tk.quantum.QuantumToolkit::postPulse (148 bytes)
Event: 4.269 Thread 0x0000000058acb000 nmethod 1209 0x0000000002be6b10 code [0x0000000002be6e80, 0x0000000002be8d98]
Event: 4.363 Thread 0x0000000058acb000 1210   !   3       com.sun.javafx.tk.quantum.QuantumToolkit$14::run (19 bytes)
Event: 4.363 Thread 0x0000000058acb000 nmethod 1210 0x0000000002bf1d10 code [0x0000000002bf1ea0, 0x0000000002bf2228]

GC Heap History (10 events):
Event: 0.351 GC heap before
{Heap before GC invocations=6 (full 0):
 PSYoungGen      total 2560K, used 2544K [0x00000000d5800000, 0x00000000d5e00000, 0x0000000100000000)
  eden space 2048K, 100% used [0x00000000d5800000,0x00000000d5a00000,0x00000000d5a00000)
  from space 512K, 96% used [0x00000000d5a00000,0x00000000d5a7c020,0x00000000d5a80000)
  to   space 1024K, 0% used [0x00000000d5d00000,0x00000000d5d00000,0x00000000d5e00000)
 ParOldGen       total 129536K, used 824K [0x0000000080800000, 0x0000000088680000, 0x00000000d5800000)
  object space 129536K, 0% used [0x0000000080800000,0x00000000808ce030,0x0000000088680000)
 Metaspace       used 6748K, capacity 7430K, committed 7552K, reserved 1056768K
  class space    used 847K, capacity 882K, committed 896K, reserved 1048576K
Event: 0.352 GC heap after
Heap after GC invocations=6 (full 0):
 PSYoungGen      total 4608K, used 848K [0x00000000d5800000, 0x00000000d5f00000, 0x0000000100000000)
  eden space 3584K, 0% used [0x00000000d5800000,0x00000000d5800000,0x00000000d5b80000)
  from space 1024K, 82% used [0x00000000d5d00000,0x00000000d5dd4030,0x00000000d5e00000)
  to   space 1536K, 0% used [0x00000000d5b80000,0x00000000d5b80000,0x00000000d5d00000)
 ParOldGen       total 129536K, used 832K [0x0000000080800000, 0x0000000088680000, 0x00000000d5800000)
  object space 129536K, 0% used [0x0000000080800000,0x00000000808d0030,0x0000000088680000)
 Metaspace       used 6748K, capacity 7430K, committed 7552K, reserved 1056768K
  class space    used 847K, capacity 882K, committed 896K, reserved 1048576K
}
Event: 0.481 GC heap before
{Heap before GC invocations=7 (full 0):
 PSYoungGen      total 4608K, used 4432K [0x00000000d5800000, 0x00000000d5f00000, 0x0000000100000000)
  eden space 3584K, 100% used [0x00000000d5800000,0x00000000d5b80000,0x00000000d5b80000)
  from space 1024K, 82% used [0x00000000d5d00000,0x00000000d5dd4030,0x00000000d5e00000)
  to   space 1536K, 0% used [0x00000000d5b80000,0x00000000d5b80000,0x00000000d5d00000)
 ParOldGen       total 129536K, used 832K [0x0000000080800000, 0x0000000088680000, 0x00000000d5800000)
  object space 129536K, 0% used [0x0000000080800000,0x00000000808d0030,0x0000000088680000)
 Metaspace       used 8614K, capacity 8744K, committed 8832K, reserved 1056768K
  class space    used 1118K, capacity 1143K, committed 1152K, reserved 1048576K
Event: 0.489 GC heap after
Heap after GC invocations=7 (full 0):
 PSYoungGen      total 5120K, used 864K [0x00000000d5800000, 0x00000000d6200000, 0x0000000100000000)
  eden space 3584K, 0% used [0x00000000d5800000,0x00000000d5800000,0x00000000d5b80000)
  from space 1536K, 56% used [0x00000000d5b80000,0x00000000d5c58010,0x00000000d5d00000)
  to   space 1536K, 0% used [0x00000000d6080000,0x00000000d6080000,0x00000000d6200000)
 ParOldGen       total 129536K, used 1192K [0x0000000080800000, 0x0000000088680000, 0x00000000d5800000)
  object space 129536K, 0% used [0x0000000080800000,0x000000008092a070,0x0000000088680000)
 Metaspace       used 8614K, capacity 8744K, committed 8832K, reserved 1056768K
  class space    used 1118K, capacity 1143K, committed 1152K, reserved 1048576K
}
Event: 0.581 GC heap before
{Heap before GC invocations=8 (full 0):
 PSYoungGen      total 5120K, used 4448K [0x00000000d5800000, 0x00000000d6200000, 0x0000000100000000)
  eden space 3584K, 100% used [0x00000000d5800000,0x00000000d5b80000,0x00000000d5b80000)
  from space 1536K, 56% used [0x00000000d5b80000,0x00000000d5c58010,0x00000000d5d00000)
  to   space 1536K, 0% used [0x00000000d6080000,0x00000000d6080000,0x00000000d6200000)
 ParOldGen       total 129536K, used 1192K [0x0000000080800000, 0x0000000088680000, 0x00000000d5800000)
  object space 129536K, 0% used [0x0000000080800000,0x000000008092a070,0x0000000088680000)
 Metaspace       used 9897K, capacity 10056K, committed 10112K, reserved 1058816K
  class space    used 1326K, capacity 1367K, committed 1408K, reserved 1048576K
Event: 0.583 GC heap after
Heap after GC invocations=8 (full 0):
 PSYoungGen      total 8704K, used 1056K [0x00000000d5800000, 0x00000000d6200000, 0x0000000100000000)
  eden space 7168K, 0% used [0x00000000d5800000,0x00000000d5800000,0x00000000d5f00000)
  from space 1536K, 68% used [0x00000000d6080000,0x00000000d6188010,0x00000000d6200000)
  to   space 1536K, 0% used [0x00000000d5f00000,0x00000000d5f00000,0x00000000d6080000)
 ParOldGen       total 129536K, used 1296K [0x0000000080800000, 0x0000000088680000, 0x00000000d5800000)
  object space 129536K, 1% used [0x0000000080800000,0x0000000080944070,0x0000000088680000)
 Metaspace       used 9897K, capacity 10056K, committed 10112K, reserved 1058816K
  class space    used 1326K, capacity 1367K, committed 1408K, reserved 1048576K
}
Event: 0.814 GC heap before
{Heap before GC invocations=9 (full 0):
 PSYoungGen      total 8704K, used 8224K [0x00000000d5800000, 0x00000000d6200000, 0x0000000100000000)
  eden space 7168K, 100% used [0x00000000d5800000,0x00000000d5f00000,0x00000000d5f00000)
  from space 1536K, 68% used [0x00000000d6080000,0x00000000d6188010,0x00000000d6200000)
  to   space 1536K, 0% used [0x00000000d5f00000,0x00000000d5f00000,0x00000000d6080000)
 ParOldGen       total 129536K, used 13296K [0x0000000080800000, 0x0000000088680000, 0x00000000d5800000)
  object space 129536K, 10% used [0x0000000080800000,0x00000000814fc080,0x0000000088680000)
 Metaspace       used 11071K, capacity 11272K, committed 11392K, reserved 1058816K
  class space    used 1533K, capacity 1559K, committed 1664K, reserved 1048576K
Event: 0.816 GC heap after
Heap after GC invocations=9 (full 0):
 PSYoungGen      total 8704K, used 1536K [0x00000000d5800000, 0x00000000d6780000, 0x0000000100000000)
  eden space 7168K, 0% used [0x00000000d5800000,0x00000000d5800000,0x00000000d5f00000)
  from space 1536K, 100% used [0x00000000d5f00000,0x00000000d6080000,0x00000000d6080000)
  to   space 2048K, 0% used [0x00000000d6580000,0x00000000d6580000,0x00000000d6780000)
 ParOldGen       total 129536K, used 14208K [0x0000000080800000, 0x0000000088680000, 0x00000000d5800000)
  object space 129536K, 10% used [0x0000000080800000,0x00000000815e00c0,0x0000000088680000)
 Metaspace       used 11071K, capacity 11272K, committed 11392K, reserved 1058816K
  class space    used 1533K, capacity 1559K, committed 1664K, reserved 1048576K
}
Event: 1.850 GC heap before
{Heap before GC invocations=10 (full 0):
 PSYoungGen      total 8704K, used 8704K [0x00000000d5800000, 0x00000000d6780000, 0x0000000100000000)
  eden space 7168K, 100% used [0x00000000d5800000,0x00000000d5f00000,0x00000000d5f00000)
  from space 1536K, 100% used [0x00000000d5f00000,0x00000000d6080000,0x00000000d6080000)
  to   space 2048K, 0% used [0x00000000d6580000,0x00000000d6580000,0x00000000d6780000)
 ParOldGen       total 129536K, used 14208K [0x0000000080800000, 0x0000000088680000, 0x00000000d5800000)
  object space 129536K, 10% used [0x0000000080800000,0x00000000815e00c0,0x0000000088680000)
 Metaspace       used 12745K, capacity 12940K, committed 13184K, reserved 1060864K
  class space    used 1806K, capacity 1853K, committed 1920K, reserved 1048576K
Event: 1.853 GC heap after
Heap after GC invocations=10 (full 0):
 PSYoungGen      total 12800K, used 2016K [0x00000000d5800000, 0x00000000d6980000, 0x0000000100000000)
  eden space 10752K, 0% used [0x00000000d5800000,0x00000000d5800000,0x00000000d6280000)
  from space 2048K, 98% used [0x00000000d6580000,0x00000000d6778040,0x00000000d6780000)
  to   space 3072K, 0% used [0x00000000d6280000,0x00000000d6280000,0x00000000d6580000)
 ParOldGen       total 129536K, used 16682K [0x0000000080800000, 0x0000000088680000, 0x00000000d5800000)
  object space 129536K, 12% used [0x0000000080800000,0x000000008184abc0,0x0000000088680000)
 Metaspace       used 12745K, capacity 12940K, committed 13184K, reserved 1060864K
  class space    used 1806K, capacity 1853K, committed 1920K, reserved 1048576K
}

Deoptimization events (10 events):
Event: 0.563 Thread 0x0000000058c50000 Uncommon trap: reason=class_check action=maybe_recompile pc=0x00000000028e3aec method=java.lang.String.equals(Ljava/lang/Object;)Z @ 8
Event: 0.739 Thread 0x0000000058c50000 Uncommon trap: reason=class_check action=maybe_recompile pc=0x0000000002a7aef4 method=java.io.DataInputStream.readShort()S @ 4
Event: 0.739 Thread 0x0000000058c50000 Uncommon trap: reason=class_check action=maybe_recompile pc=0x0000000002a7aef4 method=java.io.DataInputStream.readShort()S @ 4
Event: 0.739 Thread 0x0000000058c50000 Uncommon trap: reason=class_check action=maybe_recompile pc=0x0000000002a7aef4 method=java.io.DataInputStream.readShort()S @ 4
Event: 0.739 Thread 0x0000000058c50000 Uncommon trap: reason=class_check action=maybe_recompile pc=0x0000000002a7aef4 method=java.io.DataInputStream.readShort()S @ 4
Event: 0.928 Thread 0x0000000058c0f000 Uncommon trap: reason=class_check action=maybe_recompile pc=0x0000000002b5cb68 method=java.io.BufferedInputStream.read1([BII)I @ 39
Event: 0.931 Thread 0x0000000058c0f000 Uncommon trap: reason=class_check action=maybe_recompile pc=0x0000000002b5cb68 method=java.io.BufferedInputStream.read1([BII)I @ 39
Event: 0.932 Thread 0x0000000058c0f000 Uncommon trap: reason=class_check action=maybe_recompile pc=0x0000000002b5cb68 method=java.io.BufferedInputStream.read1([BII)I @ 39
Event: 0.934 Thread 0x0000000058c0f000 Uncommon trap: reason=class_check action=maybe_recompile pc=0x0000000002b5cb68 method=java.io.BufferedInputStream.read1([BII)I @ 39
Event: 0.953 Thread 0x0000000058c0f000 Uncommon trap: reason=class_check action=maybe_recompile pc=0x0000000002a675dc method=java.io.BufferedInputStream.read1([BII)I @ 39

Internal exceptions (10 events):
Event: 6.133 Thread 0x0000000058c50000 Exception <a 'java/security/PrivilegedActionException'> (0x00000000d5a83670) thrown at [D:\re\workspace\8-2-build-windows-amd64-cygwin\jdk8u5\2488\hotspot\src\share\vm\prims\jvm.cpp, line 1248]
Event: 6.137 Thread 0x0000000058c50000 Exception <a 'java/security/PrivilegedActionException'> (0x00000000d5a86db8) thrown at [D:\re\workspace\8-2-build-windows-amd64-cygwin\jdk8u5\2488\hotspot\src\share\vm\prims\jvm.cpp, line 1248]
Event: 6.142 Thread 0x0000000058c50000 Exception <a 'java/security/PrivilegedActionException'> (0x00000000d5a8d8a8) thrown at [D:\re\workspace\8-2-build-windows-amd64-cygwin\jdk8u5\2488\hotspot\src\share\vm\prims\jvm.cpp, line 1248]
Event: 6.148 Thread 0x0000000058c50000 Exception <a 'java/security/PrivilegedActionException'> (0x00000000d5a9cad0) thrown at [D:\re\workspace\8-2-build-windows-amd64-cygwin\jdk8u5\2488\hotspot\src\share\vm\prims\jvm.cpp, line 1248]
Event: 6.153 Thread 0x0000000058c50000 Exception <a 'java/security/PrivilegedActionException'> (0x00000000d5aa1a80) thrown at [D:\re\workspace\8-2-build-windows-amd64-cygwin\jdk8u5\2488\hotspot\src\share\vm\prims\jvm.cpp, line 1248]
Event: 6.157 Thread 0x0000000058c50000 Exception <a 'java/security/PrivilegedActionException'> (0x00000000d5aa5030) thrown at [D:\re\workspace\8-2-build-windows-amd64-cygwin\jdk8u5\2488\hotspot\src\share\vm\prims\jvm.cpp, line 1248]
Event: 6.161 Thread 0x0000000058c50000 Exception <a 'java/security/PrivilegedActionException'> (0x00000000d5aa87c8) thrown at [D:\re\workspace\8-2-build-windows-amd64-cygwin\jdk8u5\2488\hotspot\src\share\vm\prims\jvm.cpp, line 1248]
Event: 10.657 Thread 0x0000000058c50000 Exception <a 'java/security/PrivilegedActionException'> (0x00000000d5aaee28) thrown at [D:\re\workspace\8-2-build-windows-amd64-cygwin\jdk8u5\2488\hotspot\src\share\vm\prims\jvm.cpp, line 1248]
Event: 10.666 Thread 0x0000000058c50000 Exception <a 'java/security/PrivilegedActionException'> (0x00000000d5ab3898) thrown at [D:\re\workspace\8-2-build-windows-amd64-cygwin\jdk8u5\2488\hotspot\src\share\vm\prims\jvm.cpp, line 1248]
Event: 10.673 Thread 0x0000000058c50000 Exception <a 'java/security/PrivilegedActionException'> (0x00000000d5ab7428) thrown at [D:\re\workspace\8-2-build-windows-amd64-cygwin\jdk8u5\2488\hotspot\src\share\vm\prims\jvm.cpp, line 1248]

Events (10 events):
Event: 10.655 Executing VM operation: ChangeSingleStep
Event: 10.655 Executing VM operation: ChangeSingleStep done
Event: 10.656 loading class com/xuggle/xuggler/IContainer$Type
Event: 10.656 loading class com/xuggle/xuggler/IContainer$Type done
Event: 10.664 loading class com/xuggle/xuggler/IContainer$Type$SwigNext
Event: 10.664 loading class com/xuggle/xuggler/IContainer$Type$SwigNext done
Event: 10.672 Executing VM operation: ChangeSingleStep
Event: 10.672 Executing VM operation: ChangeSingleStep done
Event: 10.672 loading class com/xuggle/xuggler/IContainerFormat
Event: 10.672 loading class com/xuggle/xuggler/IContainerFormat done


Dynamic libraries:
0x000000013f6f0000 - 0x000000013f724000 	C:\Program Files\Java\jre8\bin\javaw.exe
0x0000000077bc0000 - 0x0000000077d69000 	C:\Windows\SYSTEM32\ntdll.dll
0x00000000779a0000 - 0x0000000077abf000 	C:\Windows\system32\kernel32.dll
0x000007fefdd30000 - 0x000007fefdd9c000 	C:\Windows\system32\KERNELBASE.dll
0x000007fefebe0000 - 0x000007fefecbb000 	C:\Windows\system32\ADVAPI32.dll
0x000007feff200000 - 0x000007feff29f000 	C:\Windows\system32\msvcrt.dll
0x000007feffb00000 - 0x000007feffb1f000 	C:\Windows\SYSTEM32\sechost.dll
0x000007fefeec0000 - 0x000007fefefed000 	C:\Windows\system32\RPCRT4.dll
0x0000000077ac0000 - 0x0000000077bba000 	C:\Windows\system32\USER32.dll
0x000007feff8d0000 - 0x000007feff937000 	C:\Windows\system32\GDI32.dll
0x000007feff530000 - 0x000007feff53e000 	C:\Windows\system32\LPK.dll
0x000007fefede0000 - 0x000007fefeea9000 	C:\Windows\system32\USP10.dll
0x000007fefc400000 - 0x000007fefc5f4000 	C:\Windows\WinSxS\amd64_microsoft.windows.common-controls_6595b64144ccf1df_6.0.7601.17514_none_fa396087175ac9ac\COMCTL32.dll
0x000007feff4b0000 - 0x000007feff521000 	C:\Windows\system32\SHLWAPI.dll
0x000007feff1d0000 - 0x000007feff1fe000 	C:\Windows\system32\IMM32.DLL
0x000007feff9a0000 - 0x000007feffaa9000 	C:\Windows\system32\MSCTF.dll
0x00000000639b0000 - 0x0000000063a82000 	C:\Program Files\Java\jre8\bin\msvcr100.dll
0x0000000063180000 - 0x00000000639aa000 	C:\Program Files\Java\jre8\bin\server\jvm.dll
0x000007feebaf0000 - 0x000007feebaf9000 	C:\Windows\system32\WSOCK32.dll
0x000007feffab0000 - 0x000007feffafd000 	C:\Windows\system32\WS2_32.dll
0x000007fefeeb0000 - 0x000007fefeeb8000 	C:\Windows\system32\NSI.dll
0x000007fef25d0000 - 0x000007fef260b000 	C:\Windows\system32\WINMM.dll
0x0000000077d90000 - 0x0000000077d97000 	C:\Windows\system32\PSAPI.DLL
0x00000000647c0000 - 0x00000000647cf000 	C:\Program Files\Java\jre8\bin\verify.dll
0x0000000063b40000 - 0x0000000063b68000 	C:\Program Files\Java\jre8\bin\java.dll
0x0000000062e50000 - 0x0000000062e85000 	C:\Program Files\Java\jre8\bin\jdwp.dll
0x0000000067d10000 - 0x0000000067d18000 	C:\Program Files\Java\jre8\bin\npt.dll
0x0000000063b20000 - 0x0000000063b36000 	C:\Program Files\Java\jre8\bin\zip.dll
0x000007fefddb0000 - 0x000007fefeb38000 	C:\Windows\system32\SHELL32.dll
0x000007feff2a0000 - 0x000007feff4a3000 	C:\Windows\system32\ole32.dll
0x000007fefd9f0000 - 0x000007fefd9ff000 	C:\Windows\system32\profapi.dll
0x0000000065910000 - 0x0000000065919000 	C:\Program Files\Java\jre8\bin\dt_socket.dll
0x000007fefb450000 - 0x000007fefb465000 	C:\Windows\system32\NLAapi.dll
0x000007feeb560000 - 0x000007feeb575000 	C:\Windows\system32\napinsp.dll
0x000007feea750000 - 0x000007feea769000 	C:\Windows\system32\pnrpnsp.dll
0x000007fefd190000 - 0x000007fefd1e5000 	C:\Windows\System32\mswsock.dll
0x000007fefd010000 - 0x000007fefd06b000 	C:\Windows\system32\DNSAPI.dll
0x000007feea740000 - 0x000007feea74b000 	C:\Windows\System32\winrnr.dll
0x000007fefb130000 - 0x000007fefb157000 	C:\Windows\system32\IPHLPAPI.DLL
0x000007fefb120000 - 0x000007fefb12b000 	C:\Windows\system32\WINNSI.DLL
0x000007fefafb0000 - 0x000007fefb003000 	C:\Windows\System32\fwpuclnt.dll
0x000007fef2850000 - 0x000007fef2858000 	C:\Windows\system32\rasadhlp.dll
0x000007fefcbb0000 - 0x000007fefcbb7000 	C:\Windows\System32\wshtcpip.dll
0x0000000062ea0000 - 0x0000000062ecb000 	C:\Program Files\Java\jre8\bin\prism_d3d.dll
0x000007fee1700000 - 0x000007fee18ff000 	C:\Windows\system32\d3d9.dll
0x000007fefc8b0000 - 0x000007fefc8bc000 	C:\Windows\system32\VERSION.dll
0x000007fef9560000 - 0x000007fef9567000 	C:\Windows\system32\d3d8thk.dll
0x000007fefbd00000 - 0x000007fefbd18000 	C:\Windows\system32\dwmapi.dll
0x000007fefbf90000 - 0x000007fefbfe6000 	C:\Windows\system32\uxtheme.dll
0x000007feec2c0000 - 0x000007feec404000 	C:\Windows\system32\aticfx64.dll
0x000007fef9390000 - 0x000007fef93b0000 	C:\Windows\system32\atiu9p64.dll
0x000007fee0f90000 - 0x000007fee16f1000 	C:\Windows\system32\atiumd64.dll
0x000000005bf70000 - 0x000000005c7fd000 	C:\Windows\system32\atiumd6a.dll
0x0000000062e10000 - 0x0000000062e4f000 	C:\Program Files\Java\jre8\bin\glass.dll
0x000007fefeb40000 - 0x000007fefebd7000 	C:\Windows\system32\COMDLG32.dll
0x000007feffb20000 - 0x000007feffbf7000 	C:\Windows\system32\OLEAUT32.dll
0x000007fef04c0000 - 0x000007fef04ed000 	C:\Program Files (x86)\TeamViewer\Version9\tv_x64.dll
0x000007fefd890000 - 0x000007fefd89f000 	C:\Windows\system32\CRYPTBASE.dll
0x000007fefed40000 - 0x000007fefedd9000 	C:\Windows\system32\CLBCatQ.DLL
0x000007fefb9d0000 - 0x000007fefbb31000 	C:\Windows\system32\WindowsCodecs.dll
0x000007fefd830000 - 0x000007fefd887000 	C:\Windows\system32\apphelp.dll
0x000007fef9100000 - 0x000007fef933e000 	C:\PROGRA~1\MICROS~2\Office15\GROOVEEX.DLL
0x00000000727b0000 - 0x0000000072848000 	C:\Windows\system32\MSVCP100.dll
0x0000000072780000 - 0x00000000727ab000 	C:\Windows\system32\ATL100.DLL
0x000007fef81c0000 - 0x000007fef84d7000 	C:\Windows\system32\msi.dll
0x000007fef6ac0000 - 0x000007fef7345000 	C:\PROGRA~1\MICROS~2\Office15\3082\GrooveIntlResource.dll
0x0000000072730000 - 0x000000007277b000 	C:\Program Files\AVAST Software\Avast\ashShA64.dll
0x0000000072710000 - 0x0000000072726000 	C:\Program Files\Common Files\TortoiseOverlays\TortoiseOverlays.dll
0x00000000726f0000 - 0x0000000072707000 	C:\Program Files\TortoiseSVN\bin\TortoiseStub.dll
0x0000000072670000 - 0x00000000726ec000 	C:\Program Files\TortoiseSVN\bin\TortoiseSVN.dll
0x000007feff6a0000 - 0x000007feff8d0000 	C:\Windows\system32\WININET.dll
0x000007fefda10000 - 0x000007fefda14000 	C:\Windows\system32\api-ms-win-downlevel-user32-l1-1-0.dll
0x000007fefdda0000 - 0x000007fefdda4000 	C:\Windows\system32\api-ms-win-downlevel-shlwapi-l1-1-0.dll
0x000007fefdb80000 - 0x000007fefdb84000 	C:\Windows\system32\api-ms-win-downlevel-version-l1-1-0.dll
0x000007fefdd00000 - 0x000007fefdd03000 	C:\Windows\system32\api-ms-win-downlevel-normaliz-l1-1-0.dll
0x0000000077d80000 - 0x0000000077d83000 	C:\Windows\system32\normaliz.DLL
0x000007feffc00000 - 0x000007feffeaa000 	C:\Windows\system32\iertutil.dll
0x000007fefdb70000 - 0x000007fefdb75000 	C:\Windows\system32\api-ms-win-downlevel-advapi32-l1-1-0.dll
0x000007fefdb50000 - 0x000007fefdb6e000 	C:\Windows\system32\USERENV.dll
0x000007fef6650000 - 0x000007fef6aba000 	C:\Program Files\TortoiseSVN\bin\libsvn_tsvn.dll
0x0000000072640000 - 0x000000007266d000 	C:\Program Files\TortoiseSVN\bin\libapr_tsvn.dll
0x000007fef8fe0000 - 0x000007fef90b4000 	C:\Windows\system32\MSVCR110.dll
0x00000000725f0000 - 0x0000000072635000 	C:\Program Files\TortoiseSVN\bin\libaprutil_tsvn.dll
0x000007feff940000 - 0x000007feff992000 	C:\Windows\system32\WLDAP32.dll
0x000007fef8fc0000 - 0x000007fef8fd1000 	C:\Program Files\TortoiseSVN\bin\intl3_tsvn.dll
0x000007fef8fa0000 - 0x000007fef8fb9000 	C:\Program Files\TortoiseSVN\bin\libsasl.dll
0x000007fefd650000 - 0x000007fefd65b000 	C:\Windows\system32\Secur32.dll
0x000007fefd800000 - 0x000007fefd825000 	C:\Windows\system32\SSPICLI.DLL
0x000007fefdb90000 - 0x000007fefdcfc000 	C:\Windows\system32\CRYPT32.dll
0x000007fefda00000 - 0x000007fefda0f000 	C:\Windows\system32\MSASN1.dll
0x000007fef8ef0000 - 0x000007fef8f97000 	C:\Windows\system32\MSVCP110.dll
0x000007fef8eb0000 - 0x000007fef8ee5000 	C:\Windows\system32\EhStorShell.dll
0x000007fefeff0000 - 0x000007feff1c7000 	C:\Windows\system32\SETUPAPI.dll
0x000007fefda20000 - 0x000007fefda56000 	C:\Windows\system32\CFGMGR32.dll
0x000007fefdd10000 - 0x000007fefdd2a000 	C:\Windows\system32\DEVOBJ.dll
0x000007fefc040000 - 0x000007fefc16c000 	C:\Windows\system32\PROPSYS.dll
0x000007fef8e30000 - 0x000007fef8eae000 	C:\Windows\System32\cscui.dll
0x000007fef8e20000 - 0x000007fef8e2c000 	C:\Windows\System32\CSCDLL.dll
0x000007fef8e10000 - 0x000007fef8e1f000 	C:\Windows\system32\CSCAPI.dll
0x000007fef2860000 - 0x000007fef288d000 	C:\Program Files\Common Files\Microsoft Shared\Ink\rtscom.dll
0x0000000065270000 - 0x0000000065283000 	C:\Program Files\Java\jre8\bin\javafx_font.dll
0x000007fee84e0000 - 0x000007fee8676000 	C:\Windows\system32\dwrite.dll
0x000007fefd1f0000 - 0x000007fefd207000 	C:\Windows\system32\CRYPTSP.dll
0x000007fefcef0000 - 0x000007fefcf37000 	C:\Windows\system32\rsaenh.dll
0x0000000063a90000 - 0x0000000063aaa000 	C:\Program Files\Java\jre8\bin\net.dll
0x000007fefd180000 - 0x000007fefd187000 	C:\Windows\System32\wship6.dll
0x000007fefaf30000 - 0x000007fefaf41000 	C:\Windows\system32\dhcpcsvc6.DLL
0x000007fefaf10000 - 0x000007fefaf28000 	C:\Windows\system32\dhcpcsvc.DLL
0x0000000063160000 - 0x0000000063171000 	C:\Program Files\Java\jre8\bin\nio.dll
0x000000006e740000 - 0x000000006fda5000 	C:\Users\Lucas\AppData\Local\Temp\xuggle\xuggle5822798884086631659.dll
0x000007fef1a00000 - 0x000007fef1a17000 	C:\Windows\system32\AVICAP32.dll
0x000007fef19d0000 - 0x000007fef19f9000 	C:\Windows\system32\MSVFW32.dll
0x000007fef0d20000 - 0x000007fef0e45000 	C:\Windows\system32\dbghelp.dll

VM Arguments:
jvm_args: -agentlib:jdwp=transport=dt_socket,suspend=y,address=localhost:50103 -Dfile.encoding=Cp1252 
java_command: application.Main
java_class_path (initial): C:\Users\Lucas\git\DemoSoft\DomoticaProject\bin;C:\Users\Lucas\git\DemoSoft\DomoticaProject\resources\javafx-gallery-1.0.1-SNAPSHOT.jar;C:\Users\Lucas\git\DemoSoft\DomoticaProject\resources\jl1.0.1.jar;C:\Users\Lucas\git\DemoSoft\DomoticaProject\resources\mp3spi1.9.5.jar;C:\Users\Lucas\git\DemoSoft\DomoticaProject\resources\tritonus_share.jar;C:\Users\Lucas\git\DemoSoft\DomoticaProject\resources\commons-io-2.4.jar;C:\Users\Lucas\git\DemoSoft\DomoticaProject\resources\xuggle-xuggler-5.4.jar;C:\Users\Lucas\git\DemoSoft\DomoticaProject\resources\slf4j-api-1.7.7.jar
Launcher Type: SUN_STANDARD

Environment Variables:
CLASSPATH=.;.;C:\PROGRA~2\JMF21~1.1E\lib\sound.jar;C:\PROGRA~2\JMF21~1.1E\lib\jmf.jar;C:\PROGRA~2\JMF21~1.1E\lib;
PATH=C:\Ruby200-x64\bin;C:\Program Files (x86)\Intel\iCLS Client\;C:\Program Files\Intel\iCLS Client\;C:\Windows\system32;C:\Windows;C:\Windows\System32\Wbem;C:\Windows\System32\WindowsPowerShell\v1.0\;C:\Program Files (x86)\ATI Technologies\ATI.ACE\Core-Static;C:\Program Files\Intel\Intel(R) Management Engine Components\DAL;C:\Program Files\Intel\Intel(R) Management Engine Components\IPT;C:\Program Files (x86)\Intel\Intel(R) Management Engine Components\DAL;C:\Program Files (x86)\Intel\Intel(R) Management Engine Components\IPT;C:\xampp\php;C:\ProgramData\Composer\bin;C:\Program Files (x86)\Git\bin;C:\Program Files (x86)\QuickTime\QTSystem\;C:\Program Files\Sublime Text 2;C:\cygwin64\bin;C:\Program Files\Microsoft SQL Server\110\Tools\Binn\;C:\Program Files (x86)\Intel\OpenCL SDK\2.0\bin\x86;C:\Program Files (x86)\Intel\OpenCL SDK\2.0\bin\x64;;C:\Program Files\Lucidlogix Technologies\VIRTU MVP 2.0;C:\Program Files\TortoiseSVN\bin;C:\Program Files (x86)\CMake 2.8\bin;C:\cygwin64\bin
USERNAME=Lucas
OS=Windows_NT
PROCESSOR_IDENTIFIER=Intel64 Family 6 Model 42 Stepping 7, GenuineIntel



---------------  S Y S T E M  ---------------

OS: Windows 7 , 64 bit Build 7601 Service Pack 1

CPU:total 4 (4 cores per cpu, 1 threads per core) family 6 model 42 stepping 7, cmov, cx8, fxsr, mmx, sse, sse2, sse3, ssse3, sse4.1, sse4.2, popcnt, avx, aes, clmul, tsc, tscinvbit

Memory: 4k page, physical 8349840k(4335968k free), swap 16697816k(11391500k free)

vm_info: Java HotSpot(TM) 64-Bit Server VM (25.5-b02) for windows-amd64 JRE (1.8.0_05-b13), built on Mar 18 2014 01:08:39 by "java_re" with MS VC++ 10.0 (VS2010)

time: Thu Jul 03 02:58:46 2014
elapsed time: 10 seconds

